[    0.000000] Linux version 4.15.0-88-generic (buildd@lgw01-amd64-036) (gcc version 7.4.0 (Ubuntu 7.4.0-1ubuntu1~18.04.1)) #88-Ubuntu SMP Tue Feb 11 20:11:34 UTC 2020 (Ubuntu 4.15.0-88.88-generic 4.15.18)
[    0.000000] Command line: BOOT_IMAGE=/boot/vmlinuz-4.15.0-88-generic root=LABEL=cloudimg-rootfs ro console=tty1 console=ttyS0
[    0.000000] KERNEL supported cpus:
[    0.000000]   Intel GenuineIntel
[    0.000000]   AMD AuthenticAMD
[    0.000000]   Centaur CentaurHauls
[    0.000000] x86/fpu: Supporting XSAVE feature 0x001: 'x87 floating point registers'
[    0.000000] x86/fpu: Supporting XSAVE feature 0x002: 'SSE registers'
[    0.000000] x86/fpu: Supporting XSAVE feature 0x004: 'AVX registers'
[    0.000000] x86/fpu: xstate_offset[2]:  576, xstate_sizes[2]:  256
[    0.000000] x86/fpu: Enabled xstate features 0x7, context size is 832 bytes, using 'standard' format.
[    0.000000] e820: BIOS-provided physical RAM map:
[    0.000000] BIOS-e820: [mem 0x0000000000000000-0x000000000009fbff] usable
[    0.000000] BIOS-e820: [mem 0x000000000009fc00-0x000000000009ffff] reserved
[    0.000000] BIOS-e820: [mem 0x00000000000f0000-0x00000000000fffff] reserved
[    0.000000] BIOS-e820: [mem 0x0000000000100000-0x000000003ffeffff] usable
[    0.000000] BIOS-e820: [mem 0x000000003fff0000-0x000000003fffffff] ACPI data
[    0.000000] BIOS-e820: [mem 0x00000000fec00000-0x00000000fec00fff] reserved
[    0.000000] BIOS-e820: [mem 0x00000000fee00000-0x00000000fee00fff] reserved
[    0.000000] BIOS-e820: [mem 0x00000000fffc0000-0x00000000ffffffff] reserved
[    0.000000] NX (Execute Disable) protection: active
[    0.000000] SMBIOS 2.5 present.
[    0.000000] DMI: innotek GmbH VirtualBox/VirtualBox, BIOS VirtualBox 12/01/2006
[    0.000000] Hypervisor detected: KVM
[    0.000000] e820: last_pfn = 0x3fff0 max_arch_pfn = 0x400000000
[    0.000000] MTRR: Disabled
[    0.000000] x86/PAT: MTRRs disabled, skipping PAT initialization too.
[    0.000000] CPU MTRRs all blank - virtualized system.
[    0.000000] x86/PAT: Configuration [0-7]: WB  WT  UC- UC  WB  WT  UC- UC  
[    0.000000] found SMP MP-table at [mem 0x0009fff0-0x0009ffff]
[    0.000000] Scanning 1 areas for low memory corruption
[    0.000000] RAMDISK: [mem 0x35a6d000-0x36d2dfff]
[    0.000000] ACPI: Early table checksum verification disabled
[    0.000000] ACPI: RSDP 0x00000000000E0000 000024 (v02 VBOX  )
[    0.000000] ACPI: XSDT 0x000000003FFF0030 00003C (v01 VBOX   VBOXXSDT 00000001 ASL  00000061)
[    0.000000] ACPI: FACP 0x000000003FFF00F0 0000F4 (v04 VBOX   VBOXFACP 00000001 ASL  00000061)
[    0.000000] ACPI: DSDT 0x000000003FFF0470 0022EA (v02 VBOX   VBOXBIOS 00000002 INTL 20100528)
[    0.000000] ACPI: FACS 0x000000003FFF0200 000040
[    0.000000] ACPI: FACS 0x000000003FFF0200 000040
[    0.000000] ACPI: APIC 0x000000003FFF0240 00005C (v02 VBOX   VBOXAPIC 00000001 ASL  00000061)
[    0.000000] ACPI: SSDT 0x000000003FFF02A0 0001CC (v01 VBOX   VBOXCPUT 00000002 INTL 20100528)
[    0.000000] No NUMA configuration found
[    0.000000] Faking a node at [mem 0x0000000000000000-0x000000003ffeffff]
[    0.000000] NODE_DATA(0) allocated [mem 0x3ffc5000-0x3ffeffff]
[    0.000000] kvm-clock: cpu 0, msr 0:3ff44001, primary cpu clock
[    0.000000] kvm-clock: Using msrs 4b564d01 and 4b564d00
[    0.000000] kvm-clock: using sched offset of 7234587840 cycles
[    0.000000] clocksource: kvm-clock: mask: 0xffffffffffffffff max_cycles: 0x1cd42e4dffb, max_idle_ns: 881590591483 ns
[    0.000000] Zone ranges:
[    0.000000]   DMA      [mem 0x0000000000001000-0x0000000000ffffff]
[    0.000000]   DMA32    [mem 0x0000000001000000-0x000000003ffeffff]
[    0.000000]   Normal   empty
[    0.000000]   Device   empty
[    0.000000] Movable zone start for each node
[    0.000000] Early memory node ranges
[    0.000000]   node   0: [mem 0x0000000000001000-0x000000000009efff]
[    0.000000]   node   0: [mem 0x0000000000100000-0x000000003ffeffff]
[    0.000000] Reserved but unavailable: 98 pages
[    0.000000] Initmem setup node 0 [mem 0x0000000000001000-0x000000003ffeffff]
[    0.000000] ACPI: PM-Timer IO Port: 0x4008
[    0.000000] IOAPIC[0]: apic_id 2, version 32, address 0xfec00000, GSI 0-23
[    0.000000] ACPI: INT_SRC_OVR (bus 0 bus_irq 0 global_irq 2 dfl dfl)
[    0.000000] ACPI: INT_SRC_OVR (bus 0 bus_irq 9 global_irq 9 low level)
[    0.000000] Using ACPI (MADT) for SMP configuration information
[    0.000000] smpboot: Allowing 2 CPUs, 0 hotplug CPUs
[    0.000000] PM: Registered nosave memory: [mem 0x00000000-0x00000fff]
[    0.000000] PM: Registered nosave memory: [mem 0x0009f000-0x0009ffff]
[    0.000000] PM: Registered nosave memory: [mem 0x000a0000-0x000effff]
[    0.000000] PM: Registered nosave memory: [mem 0x000f0000-0x000fffff]
[    0.000000] e820: [mem 0x40000000-0xfebfffff] available for PCI devices
[    0.000000] Booting paravirtualized kernel on KVM
[    0.000000] clocksource: refined-jiffies: mask: 0xffffffff max_cycles: 0xffffffff, max_idle_ns: 7645519600211568 ns
[    0.000000] random: get_random_bytes called from start_kernel+0x99/0x4fd with crng_init=0
[    0.000000] setup_percpu: NR_CPUS:8192 nr_cpumask_bits:2 nr_cpu_ids:2 nr_node_ids:1
[    0.000000] percpu: Embedded 45 pages/cpu s147456 r8192 d28672 u1048576
[    0.000000] PV qspinlock hash table entries: 256 (order: 0, 4096 bytes)
[    0.000000] Built 1 zonelists, mobility grouping on.  Total pages: 257913
[    0.000000] Policy zone: DMA32
[    0.000000] Kernel command line: BOOT_IMAGE=/boot/vmlinuz-4.15.0-88-generic root=LABEL=cloudimg-rootfs ro console=tty1 console=ttyS0
[    0.000000] Memory: 983068K/1048120K available (12300K kernel code, 2481K rwdata, 4264K rodata, 2428K init, 2712K bss, 65052K reserved, 0K cma-reserved)
[    0.000000] SLUB: HWalign=64, Order=0-3, MinObjects=0, CPUs=2, Nodes=1
[    0.000000] Kernel/User page tables isolation: enabled
[    0.000000] ftrace: allocating 39344 entries in 154 pages
[    0.004000] Hierarchical RCU implementation.
[    0.004000] 	RCU restricting CPUs from NR_CPUS=8192 to nr_cpu_ids=2.
[    0.004000] 	Tasks RCU enabled.
[    0.004000] RCU: Adjusting geometry for rcu_fanout_leaf=16, nr_cpu_ids=2
[    0.004000] NR_IRQS: 524544, nr_irqs: 440, preallocated irqs: 16
[    0.004000] Console: colour VGA+ 80x25
[    0.004000] console [tty1] enabled
[    0.004000] console [ttyS0] enabled
[    0.004000] ACPI: Core revision 20170831
[    0.004000] ACPI: 2 ACPI AML tables successfully acquired and loaded
[    0.004000] APIC: Switch to symmetric I/O mode setup
[    0.004000] x2apic enabled
[    0.004000] Switched APIC routing to physical x2apic.
[    0.004000] ..TIMER: vector=0x30 apic1=0 pin1=2 apic2=-1 pin2=-1
[    0.004003] tsc: Detected 2303.998 MHz processor
[    0.005039] Calibrating delay loop (skipped) preset value.. 4607.99 BogoMIPS (lpj=9215992)
[    0.005817] pid_max: default: 32768 minimum: 301
[    0.008028] Security Framework initialized
[    0.008953] Yama: becoming mindful.
[    0.009767] AppArmor: AppArmor initialized
[    0.012000] Dentry cache hash table entries: 131072 (order: 8, 1048576 bytes)
[    0.012055] Inode-cache hash table entries: 65536 (order: 7, 524288 bytes)
[    0.016011] Mount-cache hash table entries: 2048 (order: 2, 16384 bytes)
[    0.017546] Mountpoint-cache hash table entries: 2048 (order: 2, 16384 bytes)
[    0.019598] Last level iTLB entries: 4KB 64, 2MB 8, 4MB 8
[    0.020002] Last level dTLB entries: 4KB 64, 2MB 0, 4MB 0, 1GB 4
[    0.021320] Spectre V1 : Mitigation: usercopy/swapgs barriers and __user pointer sanitization
[    0.024001] Spectre V2 : Mitigation: Full generic retpoline
[    0.025222] Spectre V2 : Spectre v2 / SpectreRSB mitigation: Filling RSB on context switch
[    0.027136] Speculative Store Bypass: Vulnerable
[    0.028042] MDS: Vulnerable: Clear CPU buffers attempted, no microcode
[    0.029649] Freeing SMP alternatives memory: 36K
[    0.141262] smpboot: CPU0: Intel(R) Core(TM) i5-7360U CPU @ 2.30GHz (family: 0x6, model: 0x8e, stepping: 0x9)
[    0.143927] Performance Events: unsupported p6 CPU model 142 no PMU driver, software events only.
[    0.144032] Hierarchical SRCU implementation.
[    0.145531] NMI watchdog: Perf event create on CPU 0 failed with -2
[    0.146898] NMI watchdog: Perf NMI watchdog permanently disabled
[    0.148044] smp: Bringing up secondary CPUs ...
[    0.149124] x86: Booting SMP configuration:
[    0.150069] .... node  #0, CPUs:      #1
[    0.004000] kvm-clock: cpu 1, msr 0:3ff44041, secondary cpu clock
[    0.156021] smp: Brought up 1 node, 2 CPUs
[    0.157278] smpboot: Max logical packages: 1
[    0.158234] smpboot: Total of 2 processors activated (9215.99 BogoMIPS)
[    0.160063] devtmpfs: initialized
[    0.160819] x86/mm: Memory block size: 128MB
[    0.161915] evm: security.selinux
[    0.162680] evm: security.SMACK64
[    0.163437] evm: security.SMACK64EXEC
[    0.164004] evm: security.SMACK64TRANSMUTE
[    0.164960] evm: security.SMACK64MMAP
[    0.165787] evm: security.apparmor
[    0.166562] evm: security.ima
[    0.167249] evm: security.capability
[    0.168070] clocksource: jiffies: mask: 0xffffffff max_cycles: 0xffffffff, max_idle_ns: 7645041785100000 ns
[    0.170857] futex hash table entries: 512 (order: 3, 32768 bytes)
[    0.173458] pinctrl core: initialized pinctrl subsystem
[    0.174727] RTC time:  5:55:58, date: 02/28/20
[    0.176124] NET: Registered protocol family 16
[    0.177175] audit: initializing netlink subsys (disabled)
[    0.178389] audit: type=2000 audit(1582869367.299:1): state=initialized audit_enabled=0 res=1
[    0.180011] cpuidle: using governor ladder
[    0.181104] cpuidle: using governor menu
[    0.182024] ACPI: bus type PCI registered
[    0.184003] acpiphp: ACPI Hot Plug PCI Controller Driver version: 0.5
[    0.185696] PCI: Using configuration type 1 for base access
[    0.188404] HugeTLB registered 2.00 MiB page size, pre-allocated 0 pages
[    0.189941] ACPI: Added _OSI(Module Device)
[    0.192003] ACPI: Added _OSI(Processor Device)
[    0.192995] ACPI: Added _OSI(3.0 _SCP Extensions)
[    0.194034] ACPI: Added _OSI(Processor Aggregator Device)
[    0.195279] ACPI: Added _OSI(Linux-Dell-Video)
[    0.196003] ACPI: Added _OSI(Linux-Lenovo-NV-HDMI-Audio)
[    0.197250] ACPI: Added _OSI(Linux-HPI-Hybrid-Graphics)
[    0.200115] ACPI: Executed 1 blocks of module-level executable AML code
[    0.205067] ACPI: Interpreter enabled
[    0.205964] ACPI: (supports S0 S5)
[    0.206757] ACPI: Using IOAPIC for interrupt routing
[    0.208204] PCI: Using host bridge windows from ACPI; if necessary, use "pci=nocrs" and report a bug
[    0.210818] ACPI: Enabled 2 GPEs in block 00 to 07
[    0.218815] ACPI: PCI Root Bridge [PCI0] (domain 0000 [bus 00-ff])
[    0.220008] acpi PNP0A03:00: _OSC: OS supports [ASPM ClockPM Segments MSI]
[    0.222287] acpi PNP0A03:00: _OSC: not requesting OS control; OS requires [ExtendedConfig ASPM ClockPM MSI]
[    0.224011] acpi PNP0A03:00: fail to add MMCONFIG information, can't access extended PCI configuration space under this bridge.
[    0.228435] PCI host bridge to bus 0000:00
[    0.229392] pci_bus 0000:00: root bus resource [io  0x0000-0x0cf7 window]
[    0.230872] pci_bus 0000:00: root bus resource [io  0x0d00-0xffff window]
[    0.232003] pci_bus 0000:00: root bus resource [mem 0x000a0000-0x000bffff window]
[    0.233994] pci_bus 0000:00: root bus resource [mem 0x40000000-0xfdffffff window]
[    0.236002] pci_bus 0000:00: root bus resource [bus 00-ff]
[    0.241038] pci 0000:00:01.1: legacy IDE quirk: reg 0x10: [io  0x01f0-0x01f7]
[    0.243117] pci 0000:00:01.1: legacy IDE quirk: reg 0x14: [io  0x03f6]
[    0.244002] pci 0000:00:01.1: legacy IDE quirk: reg 0x18: [io  0x0170-0x0177]
[    0.245530] pci 0000:00:01.1: legacy IDE quirk: reg 0x1c: [io  0x0376]
[    0.263207] pci 0000:00:07.0: quirk: [io  0x4000-0x403f] claimed by PIIX4 ACPI
[    0.264021] pci 0000:00:07.0: quirk: [io  0x4100-0x410f] claimed by PIIX4 SMB
[    0.276357] ACPI: PCI Interrupt Link [LNKA] (IRQs 5 9 10 *11)
[    0.277970] ACPI: PCI Interrupt Link [LNKB] (IRQs 5 9 *10 11)
[    0.279845] ACPI: PCI Interrupt Link [LNKC] (IRQs 5 *9 10 11)
[    0.280129] ACPI: PCI Interrupt Link [LNKD] (IRQs 5 9 10 *11)
[    0.281701] SCSI subsystem initialized
[    0.282604] pci 0000:00:02.0: vgaarb: setting as boot VGA device
[    0.282604] pci 0000:00:02.0: vgaarb: VGA device added: decodes=io+mem,owns=io+mem,locks=none
[    0.284009] pci 0000:00:02.0: vgaarb: bridge control possible
[    0.285265] vgaarb: loaded
[    0.286222] ACPI: bus type USB registered
[    0.287436] usbcore: registered new interface driver usbfs
[    0.288017] usbcore: registered new interface driver hub
[    0.289542] usbcore: registered new device driver usb
[    0.292046] EDAC MC: Ver: 3.0.0
[    0.293064] PCI: Using ACPI for IRQ routing
[    0.293329] NetLabel: Initializing
[    0.294113] NetLabel:  domain hash size = 128
[    0.296006] NetLabel:  protocols = UNLABELED CIPSOv4 CALIPSO
[    0.297259] NetLabel:  unlabeled traffic allowed by default
[    0.298495] clocksource: Switched to clocksource kvm-clock
[    0.309648] VFS: Disk quotas dquot_6.6.0
[    0.310972] VFS: Dquot-cache hash table entries: 512 (order 0, 4096 bytes)
[    0.312683] AppArmor: AppArmor Filesystem Enabled
[    0.313767] pnp: PnP ACPI init
[    0.315845] pnp: PnP ACPI: found 3 devices
[    0.325743] clocksource: acpi_pm: mask: 0xffffff max_cycles: 0xffffff, max_idle_ns: 2085701024 ns
[    0.328044] NET: Registered protocol family 2
[    0.329327] TCP established hash table entries: 8192 (order: 4, 65536 bytes)
[    0.330893] TCP bind hash table entries: 8192 (order: 5, 131072 bytes)
[    0.333853] TCP: Hash tables configured (established 8192 bind 8192)
[    0.335264] UDP hash table entries: 512 (order: 2, 16384 bytes)
[    0.336592] UDP-Lite hash table entries: 512 (order: 2, 16384 bytes)
[    0.337996] NET: Registered protocol family 1
[    0.338981] pci 0000:00:00.0: Limiting direct PCI/PCI transfers
[    0.340327] pci 0000:00:01.0: Activating ISA DMA hang workarounds
[    0.341716] pci 0000:00:02.0: Video device with shadowed ROM at [mem 0x000c0000-0x000dffff]
[    0.343721] Unpacking initramfs...
[    0.625066] Freeing initrd memory: 19204K
[    0.626171] clocksource: tsc: mask: 0xffffffffffffffff max_cycles: 0x2135f5e6f15, max_idle_ns: 440795231538 ns
[    0.628556] platform rtc_cmos: registered platform RTC device (no PNP device found)
[    0.630297] Scanning for low memory corruption every 60 seconds
[    0.632526] Initialise system trusted keyrings
[    0.633627] Key type blacklist registered
[    0.634587] workingset: timestamp_bits=36 max_order=18 bucket_order=0
[    0.636774] zbud: loaded
[    0.637804] squashfs: version 4.0 (2009/01/31) Phillip Lougher
[    0.639235] fuse init (API version 7.26)
[    0.647371] Key type asymmetric registered
[    0.648519] Asymmetric key parser 'x509' registered
[    0.649995] Block layer SCSI generic (bsg) driver version 0.4 loaded (major 246)
[    0.652266] io scheduler noop registered
[    0.653230] io scheduler deadline registered
[    0.654212] io scheduler cfq registered (default)
[    0.655718] ACPI: AC Adapter [AC] (off-line)
[    0.657170] input: Power Button as /devices/LNXSYSTM:00/LNXPWRBN:00/input/input0
[    0.658917] ACPI: Power Button [PWRF]
[    0.659826] input: Sleep Button as /devices/LNXSYSTM:00/LNXSLPBN:00/input/input1
[    0.661545] ACPI: Sleep Button [SLPF]
[    0.664153] ACPI: Battery Slot [BAT0] (battery present)
[    0.664182] Serial: 8250/16550 driver, 32 ports, IRQ sharing enabled
[    0.688205] 00:02: ttyS0 at I/O 0xf8 (irq = 4, base_baud = 115200) is a 16550A
    0.695234] Linux agpgart interface v0.103
[    0.697107] loop: module loaded
[    0.698775] scsi host0: ata_piix
[    0.699745] scsi host1: ata_piix
[    0.700828] ata1: PATA max UDMA/33 cmd 0x1f0 ctl 0x3f6 bmdma 0xd000 irq 14
[    0.702422] ata2: PATA max UDMA/33 cmd 0x170 ctl 0x376 bmdma 0xd008 irq 15
[    0.704005] libphy: Fixed MDIO Bus: probed
[    0.704993] tun: Universal TUN/TAP device driver, 1.6
[    0.706161] PPP generic driver version 2.4.2
[    0.707145] ehci_hcd: USB 2.0 'Enhanced' Host Controller (EHCI) Driver
[    0.708611] ehci-pci: EHCI PCI platform driver
[    0.709613] ehci-platform: EHCI generic platform driver
[    0.710766] ohci_hcd: USB 1.1 'Open' Host Controller (OHCI) Driver
[    0.712108] ohci-pci: OHCI PCI platform driver
[    0.713203] ohci-platform: OHCI generic platform driver
[    0.714673] uhci_hcd: USB Universal Host Controller Interface driver
[    0.716514] i8042: PNP: PS/2 Controller [PNP0303:PS2K,PNP0f03:PS2M] at 0x60,0x64 irq 1,12
[    0.719278] serio: i8042 KBD port at 0x60,0x64 irq 1
[    0.720845] serio: i8042 AUX port at 0x60,0x64 irq 12
[    0.722088] mousedev: PS/2 mouse device common for all mice
[    0.723724] input: AT Translated Set 2 keyboard as /devices/platform/i8042/serio0/input/input2
[    0.726125] rtc_cmos rtc_cmos: rtc core: registered rtc_cmos as rtc0
[    0.727560] rtc_cmos rtc_cmos: alarms up to one day, 114 bytes nvram
[    0.729086] i2c /dev entries driver
[    0.729932] device-mapper: uevent: version 1.0.3
[    0.731039] device-mapper: ioctl: 4.37.0-ioctl (2017-09-20) initialised: dm-devel@redhat.com
[    0.732995] ledtrig-cpu: registered to indicate activity on CPUs
[    0.734991] NET: Registered protocol family 10
[    0.739234] Segment Routing with IPv6
[    0.740085] NET: Registered protocol family 17
[    0.741604] Key type dns_resolver registered
[    0.743175] mce: Using 0 MCE banks
[    0.744004] RAS: Correctable Errors collector initialized.
[    0.745268] sched_clock: Marking stable (745251036, 0)->(941671439, -196420403)
[    0.747229] registered taskstats version 1
[    0.748287] Loading compiled-in X.509 certificates
[    0.751512] Loaded X.509 cert 'Build time autogenerated kernel key: f0020782f0d3a548186fb3f47aed88387a71e859'
[    0.753751] zswap: loaded using pool lzo/zbud
[    0.757453] Key type big_key registered
[    0.758575] Key type trusted registered
[    0.761226] Key type encrypted registered
[    0.762578] AppArmor: AppArmor sha1 policy hashing enabled
[    0.763779] ima: No TPM chip found, activating TPM-bypass! (rc=-19)
[    0.765210] ima: Allocated hash algorithm: sha1
[    0.766228] evm: HMAC attrs: 0x1
[    0.767314]   Magic number: 8:498:922
[    0.768279] rtc_cmos rtc_cmos: setting system clock to 2020-02-28 05:55:59 UTC (1582869359)
[    0.770215] BIOS EDD facility v0.16 2004-Jun-25, 0 devices found
[    0.771523] EDD information not available.
[    0.872248] Freeing unused kernel image memory: 2428K
[    0.889554] Write protecting the kernel read-only data: 20480k
[    0.893077] Freeing unused kernel image memory: 2008K
[    0.895275] Freeing unused kernel image memory: 1880K
[    0.902918] x86/mm: Checked W+X mappings: passed, no W+X pages found.
[    0.905033] x86/mm: Checking user space page tables
[    0.910972] x86/mm: Checked W+X mappings: passed, no W+X pages found.
Loading, please wait...
starting version 237
[    0.960902] e1000: Intel(R) PRO/1000 Network Driver - version 7.3.21-k8-NAPI
[    0.962798] e1000: Copyright (c) 1999-2006 Intel Corporation.
[    0.970829] Fusion MPT base driver 3.04.20
[    0.971985] Copyright (c) 1999-2008 LSI Corporation
[    0.975809] Fusion MPT SPI Host driver 3.04.20
[    0.990235] AVX2 version of gcm_enc/dec engaged.
[    0.991298] AES CTR mode by8 optimization enabled
[    1.181360] input: ImExPS/2 Generic Explorer Mouse as /devices/platform/i8042/serio1/input/input4
[    1.378720] e1000 0000:00:03.0 eth0: (PCI:33MHz:32-bit) 02:86:7f:17:30:67
[    1.380692] e1000 0000:00:03.0 eth0: Intel(R) PRO/1000 Network Connection
[    1.383303] mptbase: ioc0: Initiating bringup
[    1.480674] ioc0: LSI53C1030 A0: Capabilities={Initiator}
[    1.735389] scsi host2: ioc0: LSI53C1030 A0, FwRev=00000000h, Ports=1, MaxQ=256, IRQ=20
[    1.905927] scsi 2:0:0:0: Direct-Access     VBOX     HARDDISK         1.0  PQ: 0 ANSI: 5
[    1.940399] scsi target2:0:0: Beginning Domain Validation
[    1.987624] scsi target2:0:0: Domain Validation skipping write tests
[    1.989505] scsi target2:0:0: Ending Domain Validation
[    1.990783] scsi target2:0:0: asynchronous
[    1.992750] scsi 2:0:1:0: Direct-Access     VBOX     HARDDISK         1.0  PQ: 0 ANSI: 5
[    2.276814] scsi target2:0:1: Beginning Domain Validation
[    2.281528] random: fast init done
[    2.282998] scsi target2:0:1: Domain Validation skipping write tests
[    2.284698] scsi target2:0:1: Ending Domain Validation
[    2.286295] scsi target2:0:1: asynchronous
[    2.292056] random: systemd-udevd: uninitialized urandom read (16 bytes read)
[    2.293776] sd 2:0:0:0: Attached scsi generic sg0 type 0
[    2.293784] random: systemd-udevd: uninitialized urandom read (16 bytes read)
[    2.296930] random: systemd-udevd: uninitialized urandom read (16 bytes read)
[    2.298556] sd 2:0:0:0: [sda] 20971520 512-byte logical blocks: (10.7 GB/10.0 GiB)
[    2.298572] sd 2:0:1:0: Attached scsi generic sg1 type 0
[    2.300399] sd 2:0:0:0: [sda] Write Protect is off
[    2.303451] sd 2:0:1:0: [sdb] 20480 512-byte logical blocks: (10.5 MB/10.0 MiB)
[    2.303489] sd 2:0:0:0: [sda] Incomplete mode parameter data
[    2.306921] sd 2:0:0:0: [sda] Assuming drive cache: write through
[    2.308313] sd 2:0:1:0: [sdb] Write Protect is off
[    2.309559] sd 2:0:1:0: [sdb] Incomplete mode parameter data
[    2.310839] sd 2:0:1:0: [sdb] Assuming drive cache: write through
[    2.318658]  sda: sda1
[    2.319924] e1000 0000:00:08.0 eth1: (PCI:33MHz:32-bit) 08:00:27:0e:00:cc
[    2.320157] sd 2:0:1:0: [sdb] Attached SCSI disk
[    2.321945] e1000 0000:00:08.0 eth1: Intel(R) PRO/1000 Network Connection
[    2.323041] sd 2:0:0:0: [sda] Attached SCSI disk
[    2.326900] e1000 0000:00:03.0 enp0s3: renamed from eth0
[    2.341538] e1000 0000:00:08.0 enp0s8: renamed from eth1
Begin: Loading essential drivers ... [    3.732125] raid6: sse2x1   gen() 11903 MB/s
[    3.780175] raid6: sse2x1   xor()  2147 MB/s
[    3.832328] raid6: sse2x2   gen() 10751 MB/s
[    3.880087] raid6: sse2x2   xor()  9484 MB/s
[    3.928057] raid6: sse2x4   gen() 17128 MB/s
[    3.976213] raid6: sse2x4   xor() 10710 MB/s
[    4.024143] raid6: avx2x1   gen() 24601 MB/s
[    4.072296] raid6: avx2x1   xor() 17385 MB/s
[    4.120207] raid6: avx2x2   gen() 29667 MB/s
[    4.168302] raid6: avx2x2   xor() 18883 MB/s
[    4.216090] raid6: avx2x4   gen() 34265 MB/s
[    4.264269] raid6: avx2x4   xor() 20943 MB/s
[    4.265296] raid6: using algorithm avx2x4 gen() 34265 MB/s
[    4.266646] raid6: .... xor() 20943 MB/s, rmw enabled
[    4.268113] raid6: using avx2x2 recovery algorithm
[    4.270366] xor: automatically using best checksumming function   avx       
[    4.273037] async_tx: api initialized (async)
done.
Begin: Running /scripts/init-premount ... done.
Begin: Mounting root file system ... Begin: Running /scripts/local-top ... done.
Begin: Running /scripts/local-premount ... [    4.310996] Btrfs loaded, crc32c=crc32c-intel
Scanning for Btrfs filesystems
done.
Warning: fsck not present, so skipping root file system
[    4.346736] EXT4-fs (sda1): mounted filesystem with ordered data mode. Opts: (null)
done.
Begin: Running /scripts/local-bottom ... done.
Begin: Running /scripts/init-bottom ... done.
[    4.529772] ip_tables: (C) 2000-2006 Netfilter Core Team
[    4.539077] systemd[1]: systemd 237 running in system mode. (+PAM +AUDIT +SELINUX +IMA +APPARMOR +SMACK +SYSVINIT +UTMP +LIBCRYPTSETUP +GCRYPT +GNUTLS +ACL +XZ +LZ4 +SECCOMP +BLKID +ELFUTILS +KMOD -IDN2 +IDN -PCRE2 default-hierarchy=hybrid)
[    4.543888] systemd[1]: Detected virtualization oracle.
[    4.545110] systemd[1]: Detected architecture x86-64.

Welcome to [1mUbuntu 18.04.4 LTS[0m!

[    4.550280] systemd[1]: Set hostname to <ubuntu>.
[    4.555581] systemd[1]: Initializing machine ID from random generator.
[    4.557111] systemd[1]: Installed transient /etc/machine-id file.
[    4.928126] systemd[1]: Created slice User and Session Slice.
[[0;32m  OK  [0m] Created slice User and Session Slice.
[    4.931954] systemd[1]: Set up automount Arbitrary Executable File Formats File System Automount Point.
[[0;32m  OK  [0m] Set up automount Arbitrary Executab…rmats File System Automount Point.
[    4.936709] systemd[1]: Reached target User and Group Name Lookups.
[[0;32m  OK  [0m] Reached target User and Group Name Lookups.
[    4.939146] systemd[1]: Created slice System Slice.
[[0;32m  OK  [0m] Created slice System Slice.
[[0;32m  OK  [0m] Listening on Journal Socket (/dev/log).
[[0;32m  OK  [0m] Listening on Syslog Socket.
[[0;32m  OK  [0m] Reached target Slices.
[[0;32m  OK  [0m] Listening on Journal Socket.
         Starting Set the console keyboard layout...
[[0;32m  OK  [0m] Listening on udev Kernel Socket.
[[0;32m  OK  [0m] Listening on Network Service Netlink Socket.
         Mounting POSIX Message Queue File System...
[[0;32m  OK  [0m] Listening on Journal Audit Socket.
[[0;32m  OK  [0m] Listening on LVM2 poll daemon socket.
         Starting Uncomplicated firewall...
[[0;32m  OK  [0m] Listening on /dev/initctl Compatibility Named Pipe.
[[0;32m  OK  [0m] Listening on LVM2 metadata daemon socket.
         Starting Remount Root and Kernel File Systems...
         Starting Journal Service...
         Starting Create list of required st…ce nodes for the current kernel...
         Starting Load Kernel Modules...
[[0;32m  OK  [0m] Reached target Swap.
         Mounting Kernel Debug File System...
[[0;32m  OK  [0m] Listening on Device-mapper event daemon FIFOs.
         Starting Monitoring of LVM2 mirrors…ng dmeventd or progress polling...
[[0;32m  OK  [0m] Started Forward Password Requests to Wall Directory Watch.
[[0;32m  OK  [0m] Reached target System Time Synchronized.
         Mounting Huge Pages File System...
[[0;32m  OK  [0m] Listening on udev Control Socket.
         Starting udev Coldplug all Devices...
[[0;32m  OK  [0m] Created slice system-serial\x2dgetty.slice.
[[0;32m  OK  [0m] Mounted POSIX Message Queue File System.
[[0;32m  OK  [0m] Started Uncomplicated firewall.
[[0;32m  OK  [0m] Started Create list of required sta…vice nodes for the current kernel.
[[0;32m  OK  [0m] Mounted Kernel Debug File System.
[[0;32m  OK  [0m] Mounted Huge Pages File System.
         Starting Create Static Device Nodes in [    5.009577] EXT4-fs (sda1): re-mounted. Opts: (null)
/dev...
[[0;32m  OK  [0m] Started Remount Root and Kernel File Systems.
         Starting Load/Save Random Seed...
[[0;32m  OK  [0m] Started Journal Service.
[[0;32m  OK  [0m] Started Create Static Device Nodes in /dev.
[[0;32m  OK  [0m] Started Load/Save Random Seed.
[[0;32m  OK  [0m] Started LVM2 metadata daemon.
         Starting udev Kernel Device Manager...
         Starting Flush Journal to Persistent Storage...
[    5.116103] Loading iSCSI transport class v2.0-870.
[    5.123827] iscsi: registered transport (tcp)
[    5.156467] systemd-journald[398]: Received request to flush runtime journal from PID 1
[[0;32m  OK  [0m] Started Set the console keyboard layout.
[[0;32m  OK  [0m] Started udev Coldplug all Devices.
[    5.242478] iscsi: registered transport (iser)
[[0;32m  OK  [0m] Started Load Kernel Modules.
         Starting Apply Kernel Variables...
         Mounting Kernel Configuration File System...
         Mounting FUSE Control File System...
[[0;32m  OK  [0m] Started Monitoring of LVM2 mirrors,…sing dmeventd or progress polling.
[[0;32m  OK  [0m] Mounted Kernel Configuration File System.
[[0;32m  OK  [0m] Mounted FUSE Control File System.
[[0;32m  OK  [0m] Reached target Local File Systems (Pre).
[[0;32m  OK  [0m] Reached target Local File Systems.
         Starting Tell Plymouth To Write Out Runtime Data...
         Starting AppArmor initialization...
         Starting Set console font and keymap...
         Starting Commit a transient machine-id on disk...
         Starting ebtables ruleset management...
[[0;32m  OK  [0m] Started udev Kernel Device Manager.
[[0;32m  OK  [0m] Started Dispatch Password Requests to Console Directory Watch.
[[0;32m  OK  [0m] Reached target Local Encrypted Volumes.
[[0;32m  OK  [0m] Started Flush Journal to Persistent Storage.
         Starting Create Volatile Files and Directories...
[[0;32m  OK  [0m] Started Tell Plymouth To Write Out Runtime Data.
[[0;32m  OK  [0m] Started Set console font and keymap.
[[0;32m  OK  [0m] Started Apply Kernel Variables.
[[0;32m  OK  [0m] Started Create Volatile Files and Directories.
         Starting Update UTMP about System Boot/Shutdown...
[[0;32m  OK  [0m] Started Update UTMP about System Boot/Shutdown.
[[0;32m  OK  [0m] Started Commit a transient machine-id on disk.
[[0;32m  OK  [0m] Started ebtables ruleset management.
[[0;32m  OK  [0m] Found device /dev/ttyS0.
[[0;32m  OK  [0m] Listening on Load/Save RF Kill Switch Status /dev/rfkill Watch.
[[0;32m  OK  [0m] Started AppArmor initialization.
         Starting Initial cloud-init job (pre-networking)...
[    7.584573] cloud-init[551]: Cloud-init v. 19.4-33-gbb4131a2-0ubuntu1~18.04.1 running 'init-local' at Fri, 28 Feb 2020 05:56:05 +0000. Up 7.24 seconds.
[[0;32m  OK  [0m] Started Initial cloud-init job (pre-networking).
[[0;32m  OK  [0m] Reached target Network (Pre).
         Starting Network Service...
[[0;32m  OK  [0m] Started Network Service.
         Starting Wait for Network to be Configured...
         Starting Network Name Resolution...
[[0;32m  OK  [0m] Started Network Name Resolution.
[[0;32m  OK  [0m] Reached target Host and Network Name Lookups.
[[0;32m  OK  [0m] Reached target Network.
[[0;32m  OK  [0m] Started Wait for Network to be Configured.
         Starting Initial cloud-init job (metadata service crawler)...
[    9.443139] cloud-init[651]: Cloud-init v. 19.4-33-gbb4131a2-0ubuntu1~18.04.1 running 'init' at Fri, 28 Feb 2020 05:56:07 +0000. Up 9.23 seconds.
[    9.454446] cloud-init[651]: ci-info: ++++++++++++++++++++++++++++++++++++++Net device info+++++++++++++++++++++++++++++++++++++++
[    9.460584] cloud-init[651]: ci-info: +--------+-------+----------------------------+---------------+--------+-------------------+
[    9.480282] cloud-init[651]: ci-info: | Device |   Up  |          Address           |      Mask     | Scope  |     Hw-Address    |
[    9.487624] cloud-init[651]: ci-info: +--------+-------+----------------------------+---------------+--------+-------------------+
[    9.493409] cloud-init[651]: ci-info: | enp0s3 |  True |         10.0.2.15          | 255.255.255.0 | global | 02:86:7f:17:30:67 |
[    9.496444] cloud-init[651]: ci-info: | enp0s3 |  True | fe80::86:7fff:fe17:3067/64 |       .       |  link  | 02:86:7f:17:30:67 |
[    9.500098] cloud-init[651]: ci-info: | enp0s8 | False |             .              |       .       |   .    | 08:00:27:0e:00:cc |
[    9.507264] cloud-init[651]: ci-info: |   lo   |  True |         127.0.0.1          |   255.0.0.0   |  host  |         .         |
[    9.515282] cloud-init[651]: ci-info: |   lo   |  True |          ::1/128           |       .       |  host  |         .         |
[    9.524235] cloud-init[651]: ci-info: +--------+-------+----------------------------+---------------+--------+-------------------+
[    9.529014] cloud-init[651]: ci-info: ++++++++++++++++++++++++++++Route IPv4 info+++++++++++++++++++++++++++++
[    9.533253] cloud-init[651]: ci-info: +-------+-------------+----------+-----------------+-----------+-------+
[    9.536099] cloud-init[651]: ci-info: | Route | Destination | Gateway  |     Genmask     | Interface | Flags |
[    9.552462] cloud-init[651]: ci-info: +-------+-------------+----------+-----------------+-----------+-------+
[    9.557339] cloud-init[651]: ci-info: |   0   |   0.0.0.0   | 10.0.2.2 |     0.0.0.0     |   enp0s3  |   UG  |
[    9.561732] cloud-init[651]: ci-info: |   1   |   10.0.2.0  | 0.0.0.0  |  255.255.255.0  |   enp0s3  |   U   |
[    9.566044] cloud-init[651]: ci-info: |   2   |   10.0.2.2  | 0.0.0.0  | 255.255.255.255 |   enp0s3  |   UH  |
[    9.570003] cloud-init[651]: ci-info: +-------+-------------+----------+-----------------+-----------+-------+
[    9.574582] cloud-init[651]: ci-info: +++++++++++++++++++Route IPv6 info+++++++++++++++++++
[    9.577605] cloud-init[651]: ci-info: +-------+-------------+---------+-----------+-------+
[    9.592228] cloud-init[651]: ci-info: | Route | Destination | Gateway | Interface | Flags |
[    9.596446] cloud-init[651]: ci-info: +-------+-------------+---------+-----------+-------+
[    9.600893] cloud-init[651]: ci-info: |   1   |  fe80::/64  |    ::   |   enp0s3  |   U   |
[    9.602826] cloud-init[651]: ci-info: |   3   |    local    |    ::   |   enp0s3  |   U   |
[    9.604713] cloud-init[651]: ci-info: |   4   |   ff00::/8  |    ::   |   enp0s3  |   U   |
[    9.606817] cloud-init[651]: ci-info: +-------+-------------+---------+-----------+-------+
[   10.300621] cloud-init[651]: Generating public/private rsa key pair.
[   10.302628] cloud-init[651]: Your identification has been saved in /etc/ssh/ssh_host_rsa_key.
[   10.305157] cloud-init[651]: Your public key has been saved in /etc/ssh/ssh_host_rsa_key.pub.
[   10.307759] cloud-init[651]: The key fingerprint is:
[   10.309172] cloud-init[651]: SHA256:fTh3jMCA6vmc8DoA2Dd3vBNONcqxbsKV5XlpUktG1UI root@ubuntu-bionic
[   10.312392] cloud-init[651]: The key's randomart image is:
[   10.314977] cloud-init[651]: +---[RSA 2048]----+
[   10.316641] cloud-init[651]: |       ..  ..oE. |
[   10.318078] cloud-init[651]: |      . .o+ + . .|
[   10.319516] cloud-init[651]: |..   . o Oo* o . |
[   10.320901] cloud-init[651]: |o . + . @.+o=o   |
[   10.322234] cloud-init[651]: | . o = *So+++ o  |
[   10.323567] cloud-init[651]: |  . + o *  + .   |
[   10.324859] cloud-init[651]: |   . = + .       |
[   10.326115] cloud-init[651]: |    . =          |
[   10.327437] cloud-init[651]: |    .o           |
[   10.328697] cloud-init[651]: +----[SHA256]-----+
[   10.330017] cloud-init[651]: Generating public/private dsa key pair.
[   10.331847] cloud-init[651]: Your identification has been saved in /etc/ssh/ssh_host_dsa_key.
[   10.333659] cloud-init[651]: Your public key has been saved in /etc/ssh/ssh_host_dsa_key.pub.
[   10.337521] cloud-init[651]: The key fingerprint is:
[   10.338995] cloud-init[651]: SHA256:Z+fHoQTecVJM6kp8dvigO7J3hKLFmU1Bzo/r3b4qA64 root@ubuntu-bionic
[   10.341514] cloud-init[651]: The key's randomart image is:
[   10.352307] cloud-init[651]: +---[DSA 1024]----+
[   10.353578] cloud-init[651]: |         ..  oo  |
[   10.354578] cloud-init[651]: |         o.  o.  |
[   10.355958] cloud-init[651]: |          +.+ .  |
[   10.357162] cloud-init[651]: |         o.* =   |
[   10.358137] cloud-init[651]: |       .S=B.@ o  |
[   10.359767] cloud-init[651]: |        B+oX.* . |
[   10.361239] cloud-init[651]: |       + o+.o +  |
[   10.362366] cloud-init[651]: |      . o.=o.o   |
[   10.372915] cloud-init[651]: |      E..+o=oo+. |
[   10.374318] cloud-init[651]: +----[SHA256]-----+
[   10.375608] cloud-init[651]: Generating public/private ecdsa key pair.
[   10.377221] cloud-init[651]: Your identification has been saved in /etc/ssh/ssh_host_ecdsa_key.
[   10.379496] cloud-init[651]: Your public key has been saved in /etc/ssh/ssh_host_ecdsa_key.pub.
[   10.381896] cloud-init[651]: The key fingerprint is:
[   10.383217] cloud-init[651]: SHA256:XUOfh4t2Cl6epvrTeUIGQR0kdVcrNBZiVzSurvaI+r4 root@ubuntu-bionic
[   10.386683] cloud-init[651]: The key's randomart image is:
[   10.388535] cloud-init[651]: +---[ECDSA 256]---+
[   10.400497] cloud-init[651]: |         .o*=B=++|
[   10.401659] cloud-init[651]: |          oo*oo+o|
[   10.402851] cloud-init[651]: |           .o.+o.|
[   10.404459] cloud-init[651]: |         ... ooo |
[[0;32m  OK  [0m] Started Initial cloud-init job (metadata service crawler).
[[0;32m  OK  [0m] Reached target Network is Online.
[   10.424458] cloud-init[651]: |        S o.+.o  |
[   10.429282] cloud-init[651]: |         . =++   |
[   10.431306] cloud-init[651]: |          .+=o   |
[   10.432892] cloud-init[651]: |          o+* .  |
         Starting Availability of block devices...
[[0;32m  OK  [0m] Reached target Remote File Systems (Pre).
[[0;32m  OK  [0m] Reached target Remote File Systems.[   10.434087] cloud-init[651]: |       .=E=+.+   |
[   10.439003] cloud-init[651]: +----[SHA256]-----+

[[0;32m  OK  [0m] Reached target System Initialization.
[[0;32m  OK  [0m] Started Message of the Day.
[   10.439862] cloud-init[651]: Generating public/private ed25519 key pair.
[   10.446100] cloud-init[651]: Your identification has been saved in /etc/ssh/ssh_host_ed25519_key.
[[0;32m  OK  [0m[   10.448485] cloud-init[651]: Your public key has been saved in /etc/ssh/ssh_host_ed25519_key.pub.
[   10.448952] cloud-init[651]: The key fingerprint is:
[   10.449944] cloud-init[651]: SHA256:qCUw9DTSVM2eHIQ/LEQ4fhcE0+OgPwcY7BgBpkOAMeY root@ubuntu-bionic
[   10.450669] cloud-init[651]: The key's randomart image is:
[   10.451514] cloud-init[651]: +--[ED25519 256]--+
] Listening on UUID daemon activation socket.
[   10.451790] cloud-init[651]: |B*+=++=Oo        |
[   10.459681] cloud-init[651]: |Bo.+*.+.B        |
[   10.461063] cloud-init[651]: |oEo=.* B =       |
[   10.461149] cloud-init[651]: | ..o= +.X        |
[   10.461843] cloud-init[651]: |    .oo+S.       |
[   10.462205] cloud-init[651]: |     +o .        |
[   10.463589] cloud-init[651]: |    .  o         |
[   10.465040] cloud-init[651]: |                 |
[   10.466206] cloud-init[651]: |                 |
[   10.466351] cloud-init[651]: +----[SHA256]-----+
[[0;32m  OK  [0m] Started ACPI Events Check.
[[0;32m  OK  [0m] Reached target Paths.
         Starting Socket activation for snappy daemon.
[[0;32m  OK  [0m] Started Daily apt download activities.
[[0;32m  OK  [0m] Listening on ACPID Listen Socket.
[[0;32m  OK  [0m] Listening on Open-iSCSI iscsid Socket.
         Starting LXD - unix socket.
[[0;32m  OK  [0m] Listening on D-Bus System Message Bus Socket.
[[0;32m  OK  [0m] Started Daily Cleanup of Temporary Directories.
[[0;32m  OK  [0m] Started Daily apt upgrade and clean activities.
[[0;32m  OK  [0m] Started Discard unused blocks once a week.
[[0;32m  OK  [0m] Reached target Timers.
[[0;32m  OK  [0m] Reached target Cloud-config availability.
[[0;32m  OK  [0m] Started Availability of block devices.
[[0;32m  OK  [0m] Listening on Socket activation for snappy daemon.
[[0;32m  OK  [0m] Listening on LXD - unix socket.
[[0;32m  OK  [0m] Reached target Sockets.
[[0;32m  OK  [0m] Reached target Basic System.
         Starting LSB: automatic crash report generation...
[[0;32m  OK  [0m] Started irqbalance daemon.
         Starting LXD - container startup/shutdown...
         Starting Pollinate to seed the pseudo random number generator...
[[0;32m  OK  [0m] Started Deferred execution scheduler.
         Starting Virtualbox guest utils...
[[0;32m  OK  [0m] Started D-Bus System Message Bus.
         Starting Accounts Service...
         Starting Dispatcher daemon for systemd-networkd...
         Starting Login Service...
         Starting System Logging Service...
         Starting Permit User Sessions...
[[0;32m  OK  [0m] Started Regular background program processing daemon.
[[0;32m  OK  [0m] Started FUSE filesystem for LXC.
         Starting LSB: Record successful boot for GRUB...
         Starting Snappy daemon...
[[0;32m  OK  [0m] Started System Logging Service.
[[0;32m  OK  [0m] Started Permit User Sessions.
[[0;32m  OK  [0m] Started Login Service.
         Starting Authorization Manager...
[[0;32m  OK  [0m] Started Unattended Upgrades Shutdown.
         Starting Terminate Plymouth Boot Screen...
         Starting Hold until boot process finishes up...
[[0;32m  OK  [0m] Started Hold until boot process finishes up.
[[0;32m  OK  [0m] Started Serial Getty on ttyS0.
         Starting Set console scheme...
[[0;32m  OK  [0m] Started Terminate Plymouth Boot Screen.
[[0;32m  OK  [0m] Started LSB: automatic crash report generation.
[[0;32m  OK  [0m] Started Set console scheme.
[[0;32m  OK  [0m] Created slice system-getty.slice.
[[0;32m  OK  [0m] Started Getty on tty1.
[[0;32m  OK  [0m] Reached target Login Prompts.
[[0;32m  OK  [0m] Started LSB: Record successful boot for GRUB.
[[0;32m  OK  [0m] Started Authorization Manager.
[[0;32m  OK  [0m] Started Accounts Service.
[[0;32m  OK  [0m] Started Virtualbox guest utils.
[[0;32m  OK  [0m] Started LXD - container startup/shutdown.
[[0;32m  OK  [0m] Started Dispatcher daemon for systemd-networkd.
[[0;32m  OK  [0m] Started Snappy daemon.
         Starting Wait until snapd is fully seeded...
[[0;32m  OK  [0m] Started Pollinate to seed the pseudo random number generator.
         Starting OpenBSD Secure Shell server...
[[0;32m  OK  [0m] Started OpenBSD Secure Shell server.
[[0;32m  OK  [0m] Created slice User Slice of vagrant.
         Starting User Manager for UID 1000...
[[0;32m  OK  [0m] Started Session 1 of user vagrant.
[[0;32m  OK  [0m] Started User Manager for UID 1000.

Ubuntu 18.04.4 LTS ubuntu-bionic ttyS0

ubuntu-bionic login: [   18.896598] cloud-init[1526]: Cloud-init v. 19.4-33-gbb4131a2-0ubuntu1~18.04.1 running 'modules:config' at Fri, 28 Feb 2020 05:56:16 +0000. Up 18.21 seconds.
ci-info: no authorized SSH keys fingerprints found for user ubuntu.
<14>Feb 28 05:56:18 ec2: 
<14>Feb 28 05:56:18 ec2: #############################################################
<14>Feb 28 05:56:18 ec2: -----BEGIN SSH HOST KEY FINGERPRINTS-----
<14>Feb 28 05:56:18 ec2: 1024 SHA256:Z+fHoQTecVJM6kp8dvigO7J3hKLFmU1Bzo/r3b4qA64 root@ubuntu-bionic (DSA)
<14>Feb 28 05:56:18 ec2: 256 SHA256:XUOfh4t2Cl6epvrTeUIGQR0kdVcrNBZiVzSurvaI+r4 root@ubuntu-bionic (ECDSA)
<14>Feb 28 05:56:18 ec2: 256 SHA256:qCUw9DTSVM2eHIQ/LEQ4fhcE0+OgPwcY7BgBpkOAMeY root@ubuntu-bionic (ED25519)
<14>Feb 28 05:56:18 ec2: 2048 SHA256:fTh3jMCA6vmc8DoA2Dd3vBNONcqxbsKV5XlpUktG1UI root@ubuntu-bionic (RSA)
<14>Feb 28 05:56:18 ec2: -----END SSH HOST KEY FINGERPRINTS-----
<14>Feb 28 05:56:18 ec2: #############################################################
-----BEGIN SSH HOST KEY KEYS-----
ecdsa-sha2-nistp256 AAAAE2VjZHNhLXNoYTItbmlzdHAyNTYAAAAIbmlzdHAyNTYAAABBBL8N/odAcB4up+GlVht8H1yTDbCv3pQQwK/dEmlHYM64h2gs8WiU6TMHUCTL0fLxnd/aKW7BF/IR7Wc1rqcCISw= root@ubuntu-bionic
ssh-ed25519 AAAAC3NzaC1lZDI1NTE5AAAAIFn05QORBTV+7jM9j6KqdsOo3ziEj5eXa1LVaFuwKT6W root@ubuntu-bionic
ssh-rsa AAAAB3NzaC1yc2EAAAADAQABAAABAQCvfyh/byTtvqLNsl7iR4lzx+lgm6+BzM/50j6RHYikZmhOguL2YZVaow+UjP9CzC6r5WkNf7MRB7MdKqfb8iG+QiHUM9y2i+S7mloHx0FP1EDjxeq6zaViquBs+FIJJLJVVG2b9D4w4/YVsHG7Ecyh7NirIG6efNsjRkb/e8GkWXO6/p/wLemV5CO1Nq3u43wzFWTNmCj/xFRoOhcA5LxqRax4OeCNsdZ3xL4VEAE/5Vfyydj7Poc7D8LPK3hAx2JeNFm8vmPKJOUq4/xedrXqazXD+VvJpAnC2M5khVvSzH2oo0dvAMej4ESfWg1K6hQ7A0zYnusRap7PhOtYAs/L root@ubuntu-bionic
-----END SSH HOST KEY KEYS-----
[   19.342436] cloud-init[1743]: Cloud-init v. 19.4-33-gbb4131a2-0ubuntu1~18.04.1 running 'modules:final' at Fri, 28 Feb 2020 05:56:17 +0000. Up 19.21 seconds.
[   19.345008] cloud-init[1743]: ci-info: no authorized SSH keys fingerprints found for user ubuntu.
[   19.347501] cloud-init[1743]: Cloud-init v. 19.4-33-gbb4131a2-0ubuntu1~18.04.1 finished at Fri, 28 Feb 2020 05:56:18 +0000. Datasource DataSourceNoCloud [seed=/dev/sdb][dsmode=net].  Up 19.33 seconds
         Stopping Authorization Manager...
[[0;32m  OK  [0m] Stopped target Host and Network Name Lookups.
         Stopping Availability of block devices...
[[0;32m  OK  [0m] Stopped target Cloud-init target.
[[0;32m  OK  [0m] Stopped Execute cloud user/final scripts.
[[0;32m  OK  [0m] Stopped Apply the settings specified in cloud-config.
[[0;32m  OK  [0m] Stopped target Cloud-config availability.
[[0;32m  OK  [0m] Stopped target Network is Online.
[[0;32m  OK  [0m] Stopped target Graphical Interface.
[[0;32m  OK  [0m] Stopped target Multi-User System.
[[0;32m  OK  [0m] Stopped Wait until snapd is fully seeded.
         Stopping D-Bus System Message Bus...
         Stopping Unattended Upgrades Shutdown...
         Stopping OpenBSD Secure Shell server...
         Stopping Deferred execution scheduler...
[[0;32m  OK  [0m] Stopped target Login Prompts.
         Stopping Getty on tty1...
         Stopping Serial Getty on ttyS0...
         Stopping LXD - container startup/shutdown...
         Stopping Dispatcher daemon for systemd-networkd...
         Stopping System Logging Service...
         Stopping Regular background program processing daemon...
         Stopping irqbalance daemon...
         Stopping FUSE filesystem for LXC...
         Stopping LSB: Record successful boot for GRUB...
         Stopping LSB: automatic crash report generation...
         Stopping Accounts Service...
         Stopping vboxadd-service.service...
         Stopping User Manager for UID 1000...
         Stopping Session 6 of user vagrant.
[[0;32m  OK  [0m] Stopped target Timers.
[[0;32m  OK  [0m] Stopped Message of the Day.
[[0;32m  OK  [0m] Stopped Discard unused blocks once a week.
[[0;32m  OK  [0m] Stopped Daily Cleanup of Temporary Directories.
[[0;32m  OK  [0m] Stopped Daily apt upgrade and clean activities.
[[0;32m  OK  [0m] Stopped Daily apt download activities.
[[0;32m  OK  [0m] Stopped target System Time Synchronized.
[[0;32m  OK  [0m] Closed Load/Save RF Kill Switch Status /dev/rfkill Watch.
[[0;32m  OK  [0m] Unmounted /var/lib/lxcfs.
[[0;32m  OK  [0m] Stopped irqbalance daemon.
[[0;32m  OK  [0m] Stopped Deferred execution scheduler.
[[0;32m  OK  [0m] Stopped Accounts Service.
[[0;32m  OK  [0m] Stopped Dispatcher daemon for systemd-networkd.
[[0;32m  OK  [0m] Stopped System Logging Service.
[[0;32m  OK  [0m] Stopped Regular background program processing daemon.
[[0;32m  OK  [0m] Stopped Authorization Manager.
[[0;32m  OK  [0m] Stopped Unattended Upgrades Shutdown.
[[0;32m  OK  [0m] Stopped Serial Getty on ttyS0.
[[0;32m  OK  [0m] Stopped Getty on tty1.
[[0;32m  OK  [0m] Stopped OpenBSD Secure Shell server.
[[0;32m  OK  [0m] Stopped User Manager for UID 1000.
[[0;32m  OK  [0m] Stopped Availability of block devices.
[[0;32m  OK  [0m] Stopped D-Bus System Message Bus.
[[0;32m  OK  [0m] Stopped vboxadd-service.service.
[[0;32m  OK  [0m] Stopped FUSE filesystem for LXC.
[[0;32m  OK  [0m] Stopped Session 6 of user vagrant.
         Stopping vboxadd.service...
[[0;32m  OK  [0m] Removed slice User Slice of vagrant.
[[0;32m  OK  [0m] Removed slice system-getty.slice.
[[0;32m  OK  [0m] Removed slice system-serial\x2dgetty.slice.
         Stopping Permit User Sessions...
         Stopping Login Service...
[[0;32m  OK  [0m] Stopped LXD - container startup/shutdown.
[[0;32m  OK  [0m] Stopped Permit User Sessions.
[[0;32m  OK  [0m] Stopped target Network.
         Stopping Network Name Resolution...
[[0;32m  OK  [0m] Stopped Network Name Resolution.
         Stopping Network Service...
[[0;32m  OK  [0m] Stopped LSB: Record successful boot for GRUB.
[[0;32m  OK  [0m] Stopped LSB: automatic crash report generation.
[[0;32m  OK  [0m] Stopped target Remote File Systems.
[[0;32m  OK  [0m] Stopped target Remote File Systems (Pre).
[[0;32m  OK  [0m] Stopped Network Service.
[[0;32m  OK  [0m] Stopped target Network (Pre).
[[0;32m  OK  [0m] Stopped Login Service.
[[0;32m  OK  [0m] Stopped target User and Group Name Lookups.
[[0;32m  OK  [0m] Unmounted /vagrant.
[[0;32m  OK  [0m] Stopped vboxadd.service.
[[0;32m  OK  [0m] Stopped target Basic System.
[[0;32m  OK  [0m] Stopped target Sockets.
[[0;32m  OK  [0m] Closed LXD - unix socket.
[[0;32m  OK  [0m] Closed Syslog Socket.
[[0;32m  OK  [0m] Closed UUID daemon activation socket.
[[0;32m  OK  [0m] Closed Socket activation for snappy daemon.
[[0;32m  OK  [0m] Closed D-Bus System Message Bus Socket.
[[0;32m  OK  [0m] Closed ACPID Listen Socket.
[[0;32m  OK  [0m] Closed Open-iSCSI iscsid Socket.
[[0;32m  OK  [0m] Stopped target Paths.
[[0;32m  OK  [0m] Stopped ACPI Events Check.
[[0;32m  OK  [0m] Stopped target System Initialization.
[[0;32m  OK  [0m] Stopped Commit a transient machine-id on disk.
[[0;32m  OK  [0m] Stopped target Local Encrypted Volumes.
[[0;32m  OK  [0m] Stopped Forward Password Requests to Wall Directory Watch.
[[0;32m  OK  [0m] Stopped Dispatch Password Requests to Console Directory Watch.
[[0;32m  OK  [0m] Stopped Initial cloud-init job (metadata service crawler).
[[0;32m  OK  [0m] Stopped Initial cloud-init job (pre-networking).
[[0;32m  OK  [0m] Stopped Apply Kernel Variables.
         Stopping Update UTMP about System Boot/Shutdown...
         Stopping Load/Save Random Seed...
[[0;32m  OK  [0m] Stopped Load Kernel Modules.
[[0;32m  OK  [0m] Stopped target Slices.
[[0;32m  OK  [0m] Removed slice User and Session Slice.
[[0;32m  OK  [0m] Stopped Update UTMP about System Boot/Shutdown.
[[0;32m  OK  [0m] Stopped Create Volatile Files and Directories.
[[0;32m  OK  [0m] Stopped target Local File Systems.
         Unmounting /run/user/1000...
[[0;32m  OK  [0m] Stopped Load/Save Random Seed.
[[0;32m  OK  [0m] Unmounted /run/user/1000.
[[0;32m  OK  [0m] Reached target Unmount All Filesystems.
[[0;32m  OK  [0m] Stopped target Swap.
[[0;32m  OK  [0m] Stopped target Local File Systems (Pre).
         Stopping Monitoring of LVM2 mirrors…ng dmeventd or progress polling...
[[0;32m  OK  [0m] Stopped Create Static Device Nodes in /dev.
[[0;32m  OK  [0m] Stopped Remount Root and Kernel File Systems.
[[0;32m  OK  [0m] Reached target Shutdown.
[[0;32m  OK  [0m] Reached target Final Step.
         Starting Power-Off...
[  678.846374] reboot: Power down
